Build started...
1>------ Build started: Project: Vectorisation, Configuration: ICC2022 x64 ------
1>ignoring unknown argument: -mllvm:-mcpu=x86-64
1>ignoring unknown argument: -opt:lldlto=2
1>ignoring unknown argument: -mllvm:-vector-library=SVML
1>ignoring unknown argument: -mllvm:-disable-hir-generate-mkl-call
1>ignoring unknown argument: -mllvm:-intel-libirc-allowed
1>ignoring unknown argument: -mllvm:-loopopt=0
1>ignoring unknown argument: -mllvm:-enable-lv
1>Vectorisation.vcxproj -> D:\testDownload\DR3\Vectorisation\x64\ICC2022\Vectorisation.lib
2>------ Build started: Project: accumulateExample, Configuration: ICC2022 x64 ------
3>------ Build started: Project: GettingStarted, Configuration: ICC2022 x64 ------
4>------ Build started: Project: inverseCumNormalExample, Configuration: ICC2022 x64 ------
5>------ Build started: Project: VectorTest, Configuration: ICC2022 x64 ------
5>DR3_tests.cpp
5>D:\testDownload\DR3\Vectorisation\VecX\boolean_operations.h(46,14): error C2065: 'boolConvert': undeclared identifier
5>D:\testDownload\DR3\Vectorisation\VecX\boolean_operations.h(149): message : see reference to function template instantiation 'void storeBool2_a<INS_VEC>(InstructionTraits<Vec8d>::RegBoolType &,InstructionTraits<Vec8d>::FloatType *)' being compiled
5>        with
5>        [
5>            INS_VEC=Vec8d
5>        ]
5>D:\testDownload\DR3\Vectorisation\VecX\boolean_operations.h(144): message : while compiling class template member function 'void BinaryBoolNumericOpElement<INS_VEC,OP,3>::apply(double *,double *,int,double *,OP)'
5>        with
5>        [
5>            INS_VEC=Vec8d,
5>            OP=DR_CUBED::_Equal<Vec8d>
5>        ]
5>D:\testDownload\DR3\Vectorisation\VecX\unroll_operators.h(603): message : see reference to function template instantiation 'void BinaryBoolNumericOpElement<INS_VEC,OP,3>::apply(double *,double *,int,double *,OP)' being compiled
5>        with
5>        [
5>            INS_VEC=Vec8d,
5>            OP=DR_CUBED::_Equal<Vec8d>
5>        ]
5>D:\testDownload\DR3\Vectorisation\VecX\unroll_operators.h(424): message : see reference to class template instantiation 'BinaryBoolNumericOpElement<INS_VEC,OP,3>' being compiled
5>        with
5>        [
5>            INS_VEC=Vec8d,
5>            OP=DR_CUBED::_Equal<Vec8d>
5>        ]
5>D:\testDownload\DR3\Vectorisation\VecX\boolean_operations.h(218): message : see reference to class template instantiation 'UnrollBinaryBody_4<BinaryBoolNumericOpElement,INS_VEC,OP>' being compiled
5>        with
5>        [
5>            INS_VEC=Vec8d,
5>            OP=DR_CUBED::_Equal<Vec8d>
5>        ]
5>D:\testDownload\DR3\Vectorisation\VecX\boolean_operations.h(217): message : while compiling class template member function 'void BinaryBoolNumericUnroll<INS_VEC,OP>::apply_4(int,double *,double *,double *,OP)'
5>        with
5>        [
5>            INS_VEC=Vec8d,
5>            OP=DR_CUBED::_Equal<Vec8d>
5>        ]
5>D:\testDownload\DR3\Vectorisation\VecX\boolean_operations.h(264): message : see reference to function template instantiation 'void BinaryBoolNumericUnroll<INS_VEC,OP>::apply_4(int,double *,double *,double *,OP)' being compiled
5>        with
5>        [
5>            INS_VEC=Vec8d,
5>            OP=DR_CUBED::_Equal<Vec8d>
5>        ]
5>D:\testDownload\DR3\Vectorisation\VecX\boolean_operations.h(264): message : see reference to class template instantiation 'BinaryBoolNumericUnroll<INS_VEC,OP>' being compiled
5>        with
5>        [
5>            INS_VEC=Vec8d,
5>            OP=DR_CUBED::_Equal<Vec8d>
5>        ]
5>D:\testDownload\DR3\Vectorisation\VecX\operations.h(389): message : see reference to function template instantiation 'VecBool<Vec8d> ApplyBooleanBinaryOperation<INS_VEC,DR_CUBED::_Equal<INS_VEC>>(const Vec<INS_VEC> &,const Vec<INS_VEC> &)' being compiled
5>        with
5>        [
5>            INS_VEC=Vec8d
5>        ]
5>D:\testDownload\DR3\VectorTest\DR3_tests.cpp(2465): message : see reference to function template instantiation 'VecBool<Vec8d> operator ==<Vec8d>(const Vec<Vec8d> &,const Vec<Vec8d> &)' being compiled
5>D:\testDownload\DR3\Vectorisation\VecX\boolean_operations.h(46,26): error C2275: 'INS_VEC': illegal use of this type as an expression
5>D:\testDownload\DR3\Vectorisation\VecX\boolean_operations.h(48,1): error C3536: 'cnvrt': cannot be used before it is initialized
5>test.cpp
3>In file included from GettingStarted.cpp:13:
3>In file included from ./../Vectorisation/VecX/dr3.h:2:
3>In file included from ./../Vectorisation/VecX/vec.h:15:
3>In file included from ./../Vectorisation/VecX/apply_operation.h:17:
3>./../Vectorisation/VecX/accumulate_transform.h(1319,6): : warning : unused variable 'sz' [-Wunused-variable]
3>        int sz = rhs.size();
3>            ^
3>./../Vectorisation/VecX/dr3.h(86,9): note: in instantiation of function template specialization 'ApplyBinaryTransformUR_X<Vec8d, (lambda at GettingStarted.cpp:212:16)>' requested here
3>        return ApplyBinaryTransformUR_X(inputVecLHS, inputVecRHS, lambda);
3>               ^
3>GettingStarted.cpp(220,17): note: in instantiation of function template specialization 'transform<(lambda at GettingStarted.cpp:212:16), Vec8d>' requested here
3>    auto res1 = transform(add, x,y);
3>                ^
3>In file included from GettingStarted.cpp:13:
3>In file included from ./../Vectorisation/VecX/dr3.h:2:
3>In file included from ./../Vectorisation/VecX/vec.h:15:
3>In file included from ./../Vectorisation/VecX/apply_operation.h:16:
3>./../Vectorisation/VecX/boolean_operations.h(46,14): : warning : use of function template name with no prior declaration in function call with explicit template arguments is a C++20 extension [-Wc++20-extensions]
3>        auto cnvrt =boolConvert<INS_VEC>(toStore);
3>                    ^
3>./../Vectorisation/VecX/unroll_operators.h(600,11): note: in instantiation of member function 'BinaryBoolNumericOpElement<Vec8d, DR_CUBED::_greaterThan<Vec8d>, 0>::apply' requested here
3>                        elem_0.apply(pLhs, pRhs, i, pOut, oper);
3>                               ^
3>./../Vectorisation/VecX/boolean_operations.h(219,18): note: in instantiation of member function 'UnrollBinaryBody_4<BinaryBoolNumericOpElement, Vec8d, DR_CUBED::_greaterThan<Vec8d>>::apply' requested here
3>                binaryUnrolled.apply(sz, pLhs, pRhs, pOut, oper);
3>                               ^
3>./../Vectorisation/VecX/boolean_operations.h(264,40): note: in instantiation of member function 'BinaryBoolNumericUnroll<Vec8d, DR_CUBED::_greaterThan<Vec8d>>::apply_4' requested here
3>        BinaryBoolNumericUnroll<INS_VEC, OP>::apply_4(sz, pLhs, pRhs, pRes, oper);
3>                                              ^
3>./../Vectorisation/VecX/operations.h(314,9): note: in instantiation of function template specialization 'ApplyBooleanBinaryOperation<Vec8d, DR_CUBED::_greaterThan<Vec8d>>' requested here
3>        return ApplyBooleanBinaryOperation<INS_VEC, DR_CUBED::_greaterThan<INS_VEC> >(lhs,rhs);
3>               ^
3>GettingStarted.cpp(395,33): note: in instantiation of function template specialization 'operator><Vec8d>' requested here
3>    auto ABiggerThanMinusA = vA > vB;  //boolean
3>                                ^
3>In file included from GettingStarted.cpp:13:
3>In file included from ./../Vectorisation/VecX/dr3.h:2:
3>In file included from ./../Vectorisation/VecX/vec.h:15:
3>In file included from ./../Vectorisation/VecX/apply_operation.h:16:
3>./../Vectorisation/VecX/boolean_operations.h(46,14): : error : use of undeclared identifier 'boolConvert'
3>        auto cnvrt =boolConvert<INS_VEC>(toStore);
3>                    ^
3>./../Vectorisation/VecX/boolean_operations.h(149,3): note: in instantiation of function template specialization 'storeBool2_a<Vec8d>' requested here
3>                storeBool2_a<INS_VEC>(RES, pRes + relativeOffset + i);
3>                ^
3>./../Vectorisation/VecX/unroll_operators.h(600,11): note: in instantiation of member function 'BinaryBoolNumericOpElement<Vec8d, DR_CUBED::_greaterThan<Vec8d>, 0>::apply' requested here
3>                        elem_0.apply(pLhs, pRhs, i, pOut, oper);
3>                               ^
3>./../Vectorisation/VecX/boolean_operations.h(219,18): note: in instantiation of member function 'UnrollBinaryBody_4<BinaryBoolNumericOpElement, Vec8d, DR_CUBED::_greaterThan<Vec8d>>::apply' requested here
3>                binaryUnrolled.apply(sz, pLhs, pRhs, pOut, oper);
3>                               ^
3>./../Vectorisation/VecX/boolean_operations.h(264,40): note: in instantiation of member function 'BinaryBoolNumericUnroll<Vec8d, DR_CUBED::_greaterThan<Vec8d>>::apply_4' requested here
3>        BinaryBoolNumericUnroll<INS_VEC, OP>::apply_4(sz, pLhs, pRhs, pRes, oper);
3>                                              ^
3>./../Vectorisation/VecX/operations.h(314,9): note: in instantiation of function template specialization 'ApplyBooleanBinaryOperation<Vec8d, DR_CUBED::_greaterThan<Vec8d>>' requested here
3>        return ApplyBooleanBinaryOperation<INS_VEC, DR_CUBED::_greaterThan<INS_VEC> >(lhs,rhs);
3>               ^
3>GettingStarted.cpp(395,33): note: in instantiation of function template specialization 'operator><Vec8d>' requested here
3>    auto ABiggerThanMinusA = vA > vB;  //boolean
3>                                ^
3>In file included from GettingStarted.cpp:13:
3>In file included from ./../Vectorisation/VecX/dr3.h:2:
3>In file included from ./../Vectorisation/VecX/vec.h:15:
3>In file included from ./../Vectorisation/VecX/apply_operation.h:16:
3>./../Vectorisation/VecX/boolean_operations.h(149,3): : error : no matching function for call to 'storeBool2_a'
3>                storeBool2_a<INS_VEC>(RES, pRes + relativeOffset + i);
3>                ^~~~~~~~~~~~~~~~~~~~~
3>./../Vectorisation/VecX/unroll_operators.h(601,11): note: in instantiation of member function 'BinaryBoolNumericOpElement<Vec8d, DR_CUBED::_greaterThan<Vec8d>, 1>::apply' requested here
3>                        elem_1.apply(pLhs, pRhs, i, pOut, oper);
3>                               ^
3>./../Vectorisation/VecX/boolean_operations.h(219,18): note: in instantiation of member function 'UnrollBinaryBody_4<BinaryBoolNumericOpElement, Vec8d, DR_CUBED::_greaterThan<Vec8d>>::apply' requested here
3>                binaryUnrolled.apply(sz, pLhs, pRhs, pOut, oper);
3>                               ^
3>./../Vectorisation/VecX/boolean_operations.h(264,40): note: in instantiation of member function 'BinaryBoolNumericUnroll<Vec8d, DR_CUBED::_greaterThan<Vec8d>>::apply_4' requested here
3>        BinaryBoolNumericUnroll<INS_VEC, OP>::apply_4(sz, pLhs, pRhs, pRes, oper);
3>                                              ^
3>./../Vectorisation/VecX/operations.h(314,9): note: in instantiation of function template specialization 'ApplyBooleanBinaryOperation<Vec8d, DR_CUBED::_greaterThan<Vec8d>>' requested here
3>        return ApplyBooleanBinaryOperation<INS_VEC, DR_CUBED::_greaterThan<INS_VEC> >(lhs,rhs);
3>               ^
3>GettingStarted.cpp(395,33): note: in instantiation of function template specialization 'operator><Vec8d>' requested here
3>    auto ABiggerThanMinusA = vA > vB;  //boolean
3>                                ^
3>./../Vectorisation/VecX/boolean_operations.h(43,6): note: candidate template ignored: substitution failure [with INS_VEC = Vec8d]
3>void storeBool2_a(typename InstructionTraits<INS_VEC>::RegBoolType& toStore, typename InstructionTraits<INS_VEC>::FloatType* pdata)
3>     ^
3>./../Vectorisation/VecX/boolean_operations.h(149,3): : error : no matching function for call to 'storeBool2_a'
3>                storeBool2_a<INS_VEC>(RES, pRes + relativeOffset + i);
3>                ^~~~~~~~~~~~~~~~~~~~~
3>./../Vectorisation/VecX/unroll_operators.h(602,11): note: in instantiation of member function 'BinaryBoolNumericOpElement<Vec8d, DR_CUBED::_greaterThan<Vec8d>, 2>::apply' requested here
3>                        elem_2.apply(pLhs, pRhs, i, pOut, oper);
3>                               ^
3>./../Vectorisation/VecX/boolean_operations.h(219,18): note: in instantiation of member function 'UnrollBinaryBody_4<BinaryBoolNumericOpElement, Vec8d, DR_CUBED::_greaterThan<Vec8d>>::apply' requested here
3>                binaryUnrolled.apply(sz, pLhs, pRhs, pOut, oper);
3>                               ^
3>./../Vectorisation/VecX/boolean_operations.h(264,40): note: in instantiation of member function 'BinaryBoolNumericUnroll<Vec8d, DR_CUBED::_greaterThan<Vec8d>>::apply_4' requested here
3>        BinaryBoolNumericUnroll<INS_VEC, OP>::apply_4(sz, pLhs, pRhs, pRes, oper);
3>                                              ^
3>./../Vectorisation/VecX/operations.h(314,9): note: in instantiation of function template specialization 'ApplyBooleanBinaryOperation<Vec8d, DR_CUBED::_greaterThan<Vec8d>>' requested here
3>        return ApplyBooleanBinaryOperation<INS_VEC, DR_CUBED::_greaterThan<INS_VEC> >(lhs,rhs);
3>               ^
3>GettingStarted.cpp(395,33): note: in instantiation of function template specialization 'operator><Vec8d>' requested here
3>    auto ABiggerThanMinusA = vA > vB;  //boolean
3>                                ^
3>./../Vectorisation/VecX/boolean_operations.h(43,6): note: candidate template ignored: substitution failure [with INS_VEC = Vec8d]
3>void storeBool2_a(typename InstructionTraits<INS_VEC>::RegBoolType& toStore, typename InstructionTraits<INS_VEC>::FloatType* pdata)
3>     ^
3>./../Vectorisation/VecX/boolean_operations.h(149,3): : error : no matching function for call to 'storeBool2_a'
3>                storeBool2_a<INS_VEC>(RES, pRes + relativeOffset + i);
3>                ^~~~~~~~~~~~~~~~~~~~~
3>./../Vectorisation/VecX/unroll_operators.h(603,11): note: in instantiation of member function 'BinaryBoolNumericOpElement<Vec8d, DR_CUBED::_greaterThan<Vec8d>, 3>::apply' requested here
3>                        elem_3.apply(pLhs, pRhs, i, pOut, oper);
3>                               ^
3>./../Vectorisation/VecX/boolean_operations.h(219,18): note: in instantiation of member function 'UnrollBinaryBody_4<BinaryBoolNumericOpElement, Vec8d, DR_CUBED::_greaterThan<Vec8d>>::apply' requested here
3>                binaryUnrolled.apply(sz, pLhs, pRhs, pOut, oper);
3>                               ^
3>./../Vectorisation/VecX/boolean_operations.h(264,40): note: in instantiation of member function 'BinaryBoolNumericUnroll<Vec8d, DR_CUBED::_greaterThan<Vec8d>>::apply_4' requested here
3>        BinaryBoolNumericUnroll<INS_VEC, OP>::apply_4(sz, pLhs, pRhs, pRes, oper);
3>                                              ^
3>./../Vectorisation/VecX/operations.h(314,9): note: in instantiation of function template specialization 'ApplyBooleanBinaryOperation<Vec8d, DR_CUBED::_greaterThan<Vec8d>>' requested here
3>        return ApplyBooleanBinaryOperation<INS_VEC, DR_CUBED::_greaterThan<INS_VEC> >(lhs,rhs);
3>               ^
3>GettingStarted.cpp(395,33): note: in instantiation of function template specialization 'operator><Vec8d>' requested here
3>    auto ABiggerThanMinusA = vA > vB;  //boolean
3>                                ^
3>./../Vectorisation/VecX/boolean_operations.h(43,6): note: candidate template ignored: substitution failure [with INS_VEC = Vec8d]
3>void storeBool2_a(typename InstructionTraits<INS_VEC>::RegBoolType& toStore, typename InstructionTraits<INS_VEC>::FloatType* pdata)
3>     ^
3>In file included from GettingStarted.cpp:13:
3>In file included from ./../Vectorisation/VecX/dr3.h:2:
3>In file included from ./../Vectorisation/VecX/vec.h:15:
3>In file included from ./../Vectorisation/VecX/apply_operation.h:17:
3>./../Vectorisation/VecX/accumulate_transform.h(1883,6): : warning : unused variable 'sz' [-Wunused-variable]
3>        int sz = rhs1.size();
3>            ^
3>./../Vectorisation/VecX/dr3.h(195,10): note: in instantiation of function template specialization 'ApplySelectTransformUR_XC<Vec8d, (lambda at GettingStarted.cpp:406:23)>' requested here
3>        return  ApplySelectTransformUR_XC(testData, COND, trueVal, falseVal);
3>                ^
3>GettingStarted.cpp(411,20): note: in instantiation of function template specialization 'select<Vec8d, (lambda at GettingStarted.cpp:406:23)>' requested here
3>    auto branchC = select(ABiggerThan, test, VecXX::scalar(1.1), VecXX::scalar(1000.1));
3>                   ^
3>In file included from GettingStarted.cpp:13:
3>In file included from ./../Vectorisation/VecX/dr3.h:2:
3>In file included from ./../Vectorisation/VecX/vec.h:15:
3>In file included from ./../Vectorisation/VecX/apply_operation.h:17:
3>./../Vectorisation/VecX/accumulate_transform.h(1669,6): : warning : unused variable 'sz' [-Wunused-variable]
3>        int sz = rhs1.size();
3>            ^
3>./../Vectorisation/VecX/accumulate_transform.h(1854,9): note: in instantiation of function template specialization 'ApplySelectTransformUR_X<Vec8d, (lambda at GettingStarted.cpp:406:23), (lambda at GettingStarted.cpp:414:20), (lambda at GettingStarted.cpp:415:22)>' requested here
3>        return ApplySelectTransformUR_X(testData, COND, trueOper, falseOper);
3>               ^
3>./../Vectorisation/VecX/dr3.h(207,9): note: in instantiation of function template specialization 'ApplySelectionOperationFuncUR_X<Vec8d, (lambda at GettingStarted.cpp:406:23), (lambda at GettingStarted.cpp:414:20), (lambda at GettingStarted.cpp:415:22)>' requested here
3>        return ApplySelectionOperationFuncUR_X<INS_VEC, BOOL_OPER, TRUE_OPER, FALSE_OPER >(COND, testData, trueOper, falseOper);
3>               ^
3>GettingStarted.cpp(417,20): note: in instantiation of function template specialization 'selectTransform<Vec8d, (lambda at GettingStarted.cpp:406:23), (lambda at GettingStarted.cpp:414:20), (lambda at GettingStarted.cpp:415:22)>' requested here
3>    auto branchF = selectTransform(ABiggerThan, test, truFunc, falseFunc);
3>                   ^
3>4 warnings and 4 errors generated.
3>Done building project "GettingStarted.vcxproj" -- FAILED.
5>D:\testDownload\DR3\Vectorisation\VecX\boolean_operations.h(46,14): error C2065: 'boolConvert': undeclared identifier
5>D:\testDownload\DR3\Vectorisation\VecX\boolean_operations.h(149): message : see reference to function template instantiation 'void storeBool2_a<INS_VEC>(InstructionTraits<VecDouble>::RegBoolType &,InstructionTraits<VecDouble>::FloatType *)' being compiled
5>        with
5>        [
5>            INS_VEC=VecDouble
5>        ]
5>D:\testDownload\DR3\Vectorisation\VecX\boolean_operations.h(144): message : while compiling class template member function 'void BinaryBoolNumericOpElement<INS_VEC,OP,3>::apply(double *,double *,int,double *,OP)'
5>        with
5>        [
5>            INS_VEC=VecDouble,
5>            OP=DR_CUBED::_greaterThan<VecDouble>
5>        ]
5>D:\testDownload\DR3\Vectorisation\VecX\unroll_operators.h(603): message : see reference to function template instantiation 'void BinaryBoolNumericOpElement<INS_VEC,OP,3>::apply(double *,double *,int,double *,OP)' being compiled
5>        with
5>        [
5>            INS_VEC=VecDouble,
5>            OP=DR_CUBED::_greaterThan<VecDouble>
5>        ]
5>D:\testDownload\DR3\Vectorisation\VecX\unroll_operators.h(424): message : see reference to class template instantiation 'BinaryBoolNumericOpElement<INS_VEC,OP,3>' being compiled
5>        with
5>        [
5>            INS_VEC=VecDouble,
5>            OP=DR_CUBED::_greaterThan<VecDouble>
5>        ]
5>D:\testDownload\DR3\Vectorisation\VecX\boolean_operations.h(218): message : see reference to class template instantiation 'UnrollBinaryBody_4<BinaryBoolNumericOpElement,INS_VEC,OP>' being compiled
5>        with
5>        [
5>            INS_VEC=VecDouble,
5>            OP=DR_CUBED::_greaterThan<VecDouble>
5>        ]
5>D:\testDownload\DR3\Vectorisation\VecX\boolean_operations.h(217): message : while compiling class template member function 'void BinaryBoolNumericUnroll<INS_VEC,OP>::apply_4(int,double *,double *,double *,OP)'
5>        with
5>        [
5>            INS_VEC=VecDouble,
5>            OP=DR_CUBED::_greaterThan<VecDouble>
5>        ]
5>D:\testDownload\DR3\Vectorisation\VecX\boolean_operations.h(264): message : see reference to function template instantiation 'void BinaryBoolNumericUnroll<INS_VEC,OP>::apply_4(int,double *,double *,double *,OP)' being compiled
5>        with
5>        [
5>            INS_VEC=VecDouble,
5>            OP=DR_CUBED::_greaterThan<VecDouble>
5>        ]
5>D:\testDownload\DR3\Vectorisation\VecX\boolean_operations.h(264): message : see reference to class template instantiation 'BinaryBoolNumericUnroll<INS_VEC,OP>' being compiled
5>        with
5>        [
5>            INS_VEC=VecDouble,
5>            OP=DR_CUBED::_greaterThan<VecDouble>
5>        ]
5>D:\testDownload\DR3\Vectorisation\VecX\operations.h(314): message : see reference to function template instantiation 'VecBool<VecDouble> ApplyBooleanBinaryOperation<INS_VEC,DR_CUBED::_greaterThan<INS_VEC>>(const Vec<INS_VEC> &,const Vec<INS_VEC> &)' being compiled
5>        with
5>        [
5>            INS_VEC=VecDouble
5>        ]
5>D:\testDownload\DR3\VectorTest\test.cpp(670): message : see reference to function template instantiation 'VecBool<VecDouble> operator ><VecDouble>(const Vec<VecDouble> &,const Vec<VecDouble> &)' being compiled
5>D:\testDownload\DR3\Vectorisation\VecX\boolean_operations.h(46,26): error C2275: 'INS_VEC': illegal use of this type as an expression
5>D:\testDownload\DR3\Vectorisation\VecX\boolean_operations.h(48,1): error C3536: 'cnvrt': cannot be used before it is initialized
5>TestAccumulator.cpp
5>TestAllocator.cpp
2>In file included from accumulate_example.cpp:17:
2>In file included from ./../Vectorisation/VecX/dr3.h:2:
2>In file included from ./../Vectorisation/VecX/vec.h:15:
2>In file included from ./../Vectorisation/VecX/apply_operation.h:17:
2>./../Vectorisation/VecX/accumulate_transform.h(1883,6): : warning : unused variable 'sz' [-Wunused-variable]
2>        int sz = rhs1.size();
2>            ^
2>./../Vectorisation/VecX/dr3.h(195,10): note: in instantiation of function template specialization 'ApplySelectTransformUR_XC<Vec8d, (lambda at accumulate_example.cpp:970:25)>' requested here
2>        return  ApplySelectTransformUR_XC(testData, COND, trueVal, falseVal);
2>                ^
2>accumulate_example.cpp(974,16): note: in instantiation of function template specialization 'select<Vec8d, (lambda at accumulate_example.cpp:970:25)>' requested here
2>                        auto res1 = select(upperHalfLmbda, testVec, truVal, falseVal);
2>                                    ^
2>In file included from accumulate_example.cpp:17:
2>In file included from ./../Vectorisation/VecX/dr3.h:2:
2>In file included from ./../Vectorisation/VecX/vec.h:15:
2>In file included from ./../Vectorisation/VecX/apply_operation.h:17:
2>./../Vectorisation/VecX/accumulate_transform.h(1669,6): : warning : unused variable 'sz' [-Wunused-variable]
2>        int sz = rhs1.size();
2>            ^
2>./../Vectorisation/VecX/accumulate_transform.h(1854,9): note: in instantiation of function template specialization 'ApplySelectTransformUR_X<Vec8d, (lambda at accumulate_example.cpp:1127:22), (lambda at accumulate_example.cpp:1120:21), (lambda at accumulate_example.cpp:1121:22)>' requested here
2>        return ApplySelectTransformUR_X(testData, COND, trueOper, falseOper);
2>               ^
2>./../Vectorisation/VecX/dr3.h(207,9): note: in instantiation of function template specialization 'ApplySelectionOperationFuncUR_X<Vec8d, (lambda at accumulate_example.cpp:1127:22), (lambda at accumulate_example.cpp:1120:21), (lambda at accumulate_example.cpp:1121:22)>' requested here
2>        return ApplySelectionOperationFuncUR_X<INS_VEC, BOOL_OPER, TRUE_OPER, FALSE_OPER >(COND, testData, trueOper, falseOper);
2>               ^
2>accumulate_example.cpp(1132,11): note: in instantiation of function template specialization 'selectTransform<Vec8d, (lambda at accumulate_example.cpp:1127:22), (lambda at accumulate_example.cpp:1120:21), (lambda at accumulate_example.cpp:1121:22)>' requested here
2>                                res = selectTransform(halfOfLmbda, testVec, trueLambda, falseLambda);
2>                                      ^
5>TestFilterSelect.cpp
5>TestFilterTransform.cpp
4>inverseCumNormalExample.vcxproj -> D:\testDownload\DR3\Vectorisation\x64\ICC2022\inverseCumNormalExample.exe
5>TestViews.cpp
2>2 warnings generated.
5>Test_binary_unitary_operations.cpp
2>accumulateExample.vcxproj -> D:\testDownload\DR3\Vectorisation\x64\ICC2022\accumulateExample.exe
2>Done building project "accumulateExample.vcxproj".
5>Unroll_operators.cpp
5>Generating Code...
5>Done building project "VectorTest.vcxproj" -- FAILED.
========== Build: 3 succeeded, 2 failed, 0 up-to-date, 0 skipped ==========
